
> react-kavia@0.1.0 start
> react-scripts start

(node:640) [DEP_WEBPACK_DEV_SERVER_ON_AFTER_SETUP_MIDDLEWARE] DeprecationWarning: 'onAfterSetupMiddleware' option is deprecated. Please use the 'setupMiddlewares' option.
(Use `node --trace-deprecation ...` to show where the warning was created)
(node:640) [DEP_WEBPACK_DEV_SERVER_ON_BEFORE_SETUP_MIDDLEWARE] DeprecationWarning: 'onBeforeSetupMiddleware' option is deprecated. Please use the 'setupMiddlewares' option.
Starting the development server...

Compiled with warnings.

[eslint] 
src/components/Calculator.js
  Line 44:9:   Unnecessary escape character: \+  no-useless-escape
  Line 44:13:  Unnecessary escape character: \×  no-useless-escape
  Line 44:15:  Unnecessary escape character: \÷  no-useless-escape

Search for the keywords to learn more about each warning.
To ignore, add // eslint-disable-next-line to the line before.

WARNING in [eslint] 
src/components/Calculator.js
  Line 44:9:   Unnecessary escape character: \+  no-useless-escape
  Line 44:13:  Unnecessary escape character: \×  no-useless-escape
  Line 44:15:  Unnecessary escape character: \÷  no-useless-escape

webpack compiled with 1 warning
